<?xml version="1.0" encoding="UTF-8"?>
<!-- Generated by org.testng.reporters.JUnitReportReporter -->
<testsuite hostname="INBook_X1" failures="0" tests="1" name="tests.RegisterPageTest" time="11.092" errors="0" timestamp="2023-05-21T15:21:12 IST" skipped="0">
  <testcase classname="tests.RegisterPageTest" name="registrationTest" time="11.092"/>
  <system-out/>
</testsuite> <!-- tests.RegisterPageTest -->
